<?xml version="1.0" encoding="UTF-8"?>
<!-- Generated by org.testng.reporters.JUnitReportReporter -->
<testsuite skipped="1" hostname="Automation" name="anuntaRestAssured.ApiTest" tests="2" failures="0" timestamp="05 Jul 2024 14:20:54 GMT" time="0.038" errors="0">
  <testcase name="getMethod2" time="0.038" classname="anuntaRestAssured.ApiTest"/>
  <testcase name="apiMethod" classname="anuntaRestAssured.ApiTest">
    <skipped/>
  </testcase> <!-- apiMethod -->
</testsuite> <!-- anuntaRestAssured.ApiTest -->
