<?xml version="1.0" encoding="UTF-8"?>
<!-- Generated by org.testng.reporters.JUnitReportReporter -->
<testsuite skipped="2" hostname="Automation" name="anuntaRestAssured.ApiTest" tests="3" failures="0" timestamp="08 Jul 2024 10:42:55 GMT" time="0.013" errors="0">
  <testcase name="apiMethod45" time="0.013" classname="anuntaRestAssured.ApiTest"/>
  <testcase name="apiMethod" classname="anuntaRestAssured.ApiTest">
    <skipped/>
  </testcase> <!-- apiMethod -->
  <testcase name="getMethod2" classname="anuntaRestAssured.ApiTest">
    <skipped/>
  </testcase> <!-- getMethod2 -->
</testsuite> <!-- anuntaRestAssured.ApiTest -->
