<?xml version="1.0" encoding="UTF-8"?>
<!-- Generated by org.testng.reporters.JUnitReportReporter -->
<testsuite skipped="1" hostname="Automation" name="anuntaRestAssured.TestOne" tests="2" failures="0" timestamp="03 Jul 2024 14:35:01 GMT" time="0.032" errors="0">
  <testcase name="getMethod3" time="0.032" classname="anuntaRestAssured.TestOne"/>
  <testcase name="getMethod" classname="anuntaRestAssured.TestOne">
    <skipped/>
  </testcase> <!-- getMethod -->
</testsuite> <!-- anuntaRestAssured.TestOne -->
