<?xml version="1.0" encoding="UTF-8"?>
<!-- Generated by org.testng.reporters.JUnitReportReporter -->
<testsuite skipped="0" hostname="Automation" name="anuntaRestAssured.ApiTest" tests="1" failures="0" timestamp="05 Jul 2024 09:57:59 GMT" time="0.016" errors="0">
  <testcase name="apiMethod" time="0.016" classname="anuntaRestAssured.ApiTest"/>
</testsuite> <!-- anuntaRestAssured.ApiTest -->
