<?xml version="1.0" encoding="UTF-8"?>
<!-- Generated by org.testng.reporters.JUnitReportReporter -->
<testsuite hostname="Automation" failures="0" tests="1" name="anuntaRestAssured.ApiTest" time="3.829" errors="0" timestamp="05 Jul 2024 11:46:27 GMT" skipped="0">
  <testcase classname="anuntaRestAssured.ApiTest" name="apiMethod" time="3.829"/>
</testsuite> <!-- anuntaRestAssured.ApiTest -->
